<?xml version="1.0" encoding="UTF-8"?>
<!-- Generated by org.testng.reporters.JUnitReportReporter -->
<testsuite hostname="DESKTOP-4TIJ2BS" failures="0" tests="3" name="com.qa.tests.Testrunner" time="15.271" errors="0" timestamp="2025-03-31T11:54:30 IST" skipped="0">
  <testcase classname="com.qa.tests.Testrunner" name="runScenario" time="3.454"/>
  <system-out/>
  <testcase classname="com.qa.tests.Testrunner" name="runScenario" time="8.306"/>
  <system-out/>
  <testcase classname="com.qa.tests.Testrunner" name="runScenario" time="3.511"/>
  <system-out/>
</testsuite> <!-- com.qa.tests.Testrunner -->
